info: ::1 - - [21/Oct/2024:09:46:50 +0000] "POST /users/register HTTP/1.1" 404 47 "-" "PostmanRuntime/7.42.0"

info: ::1 - - [21/Oct/2024:09:50:02 +0000] "POST /users/register HTTP/1.1" 404 47 "-" "PostmanRuntime/7.42.0"

info: ::1 - - [21/Oct/2024:09:53:54 +0000] "POST /api/v1/users/register HTTP/1.1" 500 85 "-" "PostmanRuntime/7.42.0"

info: ::1 - - [21/Oct/2024:09:54:10 +0000] "POST /api/v1/users/register HTTP/1.1" 500 85 "-" "PostmanRuntime/7.42.0"

info: ::1 - - [21/Oct/2024:09:54:29 +0000] "POST /api/v1/users/register HTTP/1.1" 500 89 "-" "PostmanRuntime/7.42.0"

info: ::1 - - [21/Oct/2024:09:54:42 +0000] "POST /api/v1/users/register HTTP/1.1" 201 234 "-" "PostmanRuntime/7.42.0"

info: ::1 - - [21/Oct/2024:10:05:53 +0000] "POST /api/v1/users/register HTTP/1.1" 400 61 "-" "PostmanRuntime/7.42.0"

info: ::1 - - [21/Oct/2024:10:06:46 +0000] "POST /api/v1/users/register HTTP/1.1" 201 236 "-" "PostmanRuntime/7.42.0"

info: ::1 - - [21/Oct/2024:10:07:42 +0000] "POST /api/v1/users/login HTTP/1.1" 200 263 "-" "PostmanRuntime/7.42.0"

info: ::1 - - [21/Oct/2024:10:54:42 +0000] "POST /api/v1/notes/ HTTP/1.1" 201 216 "-" "PostmanRuntime/7.42.0"

info: ::1 - - [21/Oct/2024:10:58:35 +0000] "POST /api/v1/notes/ HTTP/1.1" 201 232 "-" "PostmanRuntime/7.42.0"

info: ::1 - - [21/Oct/2024:10:58:50 +0000] "POST /api/v1/users/login HTTP/1.1" 500 59 "-" "PostmanRuntime/7.42.0"

info: ::1 - - [21/Oct/2024:11:00:24 +0000] "POST /api/v1/users/login HTTP/1.1" 400 33 "-" "PostmanRuntime/7.42.0"

info: ::1 - - [21/Oct/2024:11:03:01 +0000] "POST /api/v1/users/register HTTP/1.1" 500 89 "-" "PostmanRuntime/7.42.0"

info: ::1 - - [21/Oct/2024:11:03:22 +0000] "POST /api/v1/users/register HTTP/1.1" 201 234 "-" "PostmanRuntime/7.42.0"

info: ::1 - - [21/Oct/2024:11:04:35 +0000] "POST /api/v1/users/login HTTP/1.1" 200 266 "-" "PostmanRuntime/7.42.0"

info: ::1 - - [21/Oct/2024:11:11:44 +0000] "POST /api/v1/notes/ HTTP/1.1" 400 92 "-" "PostmanRuntime/7.42.0"

info: ::1 - - [21/Oct/2024:11:13:01 +0000] "POST /api/v1/notes/ HTTP/1.1" 400 92 "-" "PostmanRuntime/7.42.0"

info: ::1 - - [21/Oct/2024:11:13:31 +0000] "POST /api/v1/notes/ HTTP/1.1" 400 92 "-" "PostmanRuntime/7.42.0"

info: ::1 - - [21/Oct/2024:11:18:43 +0000] "POST /api/v1/notes/ HTTP/1.1" 500 72 "-" "PostmanRuntime/7.42.0"

info: ::1 - - [21/Oct/2024:11:22:27 +0000] "POST /api/v1/notes/ HTTP/1.1" 201 230 "-" "PostmanRuntime/7.42.0"

info: ::1 - - [21/Oct/2024:11:23:28 +0000] "POST /api/v1/notes/ HTTP/1.1" 201 239 "-" "PostmanRuntime/7.42.0"

info: ::1 - - [21/Oct/2024:11:23:56 +0000] "POST /api/v1/notes/671634fa8a0dc4004de74e14 HTTP/1.1" 404 47 "-" "PostmanRuntime/7.42.0"

info: ::1 - - [21/Oct/2024:11:24:05 +0000] "POST /api/v1/notes/:671634fa8a0dc4004de74e14 HTTP/1.1" 404 47 "-" "PostmanRuntime/7.42.0"

info: ::1 - - [21/Oct/2024:11:24:58 +0000] "POST /api/v1/notes/671634fa8a0dc4004de74e14 HTTP/1.1" 404 47 "-" "PostmanRuntime/7.42.0"

info: ::1 - - [21/Oct/2024:11:25:15 +0000] "GET /api/v1/notes/671634fa8a0dc4004de74e14 HTTP/1.1" 200 472 "-" "PostmanRuntime/7.42.0"

info: ::1 - - [21/Oct/2024:11:26:53 +0000] "DELETE /api/v1/notes/671639b0db1b5a28a9a70c8b HTTP/1.1" 204 - "-" "PostmanRuntime/7.42.0"

info: ::1 - - [21/Oct/2024:11:30:23 +0000] "DELETE /api/v1/notes/671634fa8a0dc4004de74e14 HTTP/1.1" 404 28 "-" "PostmanRuntime/7.42.0"

info: ::1 - - [21/Oct/2024:11:30:32 +0000] "GET /api/v1/notes/671634fa8a0dc4004de74e14 HTTP/1.1" 200 232 "-" "PostmanRuntime/7.42.0"

info: ::1 - - [21/Oct/2024:11:40:33 +0000] "PUT /api/v1/notes/671639b0db1b5a28a9a70c8b HTTP/1.1" 404 28 "-" "PostmanRuntime/7.42.0"

info: ::1 - - [21/Oct/2024:11:42:34 +0000] "PUT /api/v1/notes/671639b0db1b5a28a9a70c8b HTTP/1.1" 404 28 "-" "PostmanRuntime/7.42.0"

info: ::1 - - [21/Oct/2024:11:43:17 +0000] "GET /api/v1/notes/671639b0db1b5a28a9a70c8b HTTP/1.1" 200 2 "-" "PostmanRuntime/7.42.0"

info: ::1 - - [21/Oct/2024:11:45:07 +0000] "DELETE /api/v1/notes/671639b0db1b5a28a9a70c8b HTTP/1.1" 404 28 "-" "PostmanRuntime/7.42.0"

info: ::1 - - [21/Oct/2024:11:45:52 +0000] "GET /api/v1/notes/671634fa8a0dc4004de74e14 HTTP/1.1" 200 232 "-" "PostmanRuntime/7.42.0"

info: ::1 - - [21/Oct/2024:11:46:39 +0000] "PUT /api/v1/notes/67163973db1b5a28a9a70c89 HTTP/1.1" 200 254 "-" "PostmanRuntime/7.42.0"

info: ::1 - - [21/Oct/2024:12:58:28 +0000] "PUT /api/v1/users/login HTTP/1.1" 404 47 "-" "PostmanRuntime/7.42.0"

info: ::1 - - [21/Oct/2024:12:59:20 +0000] "POST /api/v1/users/login HTTP/1.1" 200 266 "-" "PostmanRuntime/7.42.0"

info: ::1 - - [21/Oct/2024:13:02:20 +0000] "POST /api/v1/notes/ HTTP/1.1" 400 88 "-" "PostmanRuntime/7.42.0"

info: ::1 - - [21/Oct/2024:13:02:45 +0000] "POST /api/v1/notes/ HTTP/1.1" 400 88 "-" "PostmanRuntime/7.42.0"

