info: ::1 - - [06/Nov/2024:09:01:59 +0000] "POST /api/v1/users/login HTTP/1.1" 500 56 "-" "PostmanRuntime/7.42.0"

info: ::1 - - [06/Nov/2024:09:18:56 +0000] "POST /api/v1/users/register HTTP/1.1" 500 89 "-" "PostmanRuntime/7.42.0"

info: ::1 - - [06/Nov/2024:09:19:14 +0000] "POST /api/v1/users/register HTTP/1.1" 500 54 "-" "PostmanRuntime/7.42.0"

info: ::1 - - [06/Nov/2024:09:19:37 +0000] "POST /api/v1/users/register HTTP/1.1" 500 54 "-" "PostmanRuntime/7.42.0"

info: ::1 - - [06/Nov/2024:09:20:19 +0000] "POST /api/v1/users/register HTTP/1.1" 500 54 "-" "PostmanRuntime/7.42.0"

info: ::1 - - [06/Nov/2024:09:20:44 +0000] "POST /api/v1/users/register HTTP/1.1" 201 321 "-" "PostmanRuntime/7.42.0"

info: ::1 - - [06/Nov/2024:09:22:54 +0000] "POST /api/v1/users/login HTTP/1.1" 200 526 "-" "PostmanRuntime/7.42.0"

info: ::1 - - [06/Nov/2024:09:26:04 +0000] "POST /api/v1/notes/create HTTP/1.1" 201 316 "-" "PostmanRuntime/7.42.0"

info: ::1 - - [06/Nov/2024:09:26:22 +0000] "POST /api/v1/notes/create HTTP/1.1" 201 318 "-" "PostmanRuntime/7.42.0"

info: ::1 - - [06/Nov/2024:09:26:37 +0000] "POST /api/v1/notes/create HTTP/1.1" 201 318 "-" "PostmanRuntime/7.42.0"

info: ::1 - - [06/Nov/2024:09:31:57 +0000] "GET /api/v1/notes/ HTTP/1.1" 500 52 "-" "PostmanRuntime/7.42.0"

info: ::1 - - [06/Nov/2024:09:32:58 +0000] "POST /api/v1/users/login HTTP/1.1" 200 526 "-" "PostmanRuntime/7.42.0"

info: ::1 - - [06/Nov/2024:09:33:50 +0000] "GET /api/v1/notes/ HTTP/1.1" 200 841 "-" "PostmanRuntime/7.42.0"

info: ::1 - - [06/Nov/2024:09:34:03 +0000] "GET /api/v1/notes/ HTTP/1.1" 200 839 "-" "PostmanRuntime/7.42.0"

info: ::1 - - [06/Nov/2024:09:42:52 +0000] "GET /api/v1/notes/ HTTP/1.1" 200 839 "-" "PostmanRuntime/7.42.0"

info: ::1 - - [06/Nov/2024:09:42:58 +0000] "GET /api/v1/notes/ HTTP/1.1" 200 839 "-" "PostmanRuntime/7.42.0"

info: ::1 - - [06/Nov/2024:09:43:00 +0000] "GET /api/v1/notes/ HTTP/1.1" 200 839 "-" "PostmanRuntime/7.42.0"

info: ::1 - - [06/Nov/2024:09:43:02 +0000] "GET /api/v1/notes/ HTTP/1.1" 200 839 "-" "PostmanRuntime/7.42.0"

info: ::1 - - [06/Nov/2024:09:43:03 +0000] "GET /api/v1/notes/ HTTP/1.1" 200 839 "-" "PostmanRuntime/7.42.0"

info: ::1 - - [06/Nov/2024:09:43:05 +0000] "GET /api/v1/notes/ HTTP/1.1" 200 839 "-" "PostmanRuntime/7.42.0"

info: ::1 - - [06/Nov/2024:09:59:28 +0000] "POST /api/v1/notes/create HTTP/1.1" 201 331 "-" "PostmanRuntime/7.42.0"

info: ::1 - - [06/Nov/2024:09:59:47 +0000] "GET /api/v1/notes/ HTTP/1.1" 200 1115 "-" "PostmanRuntime/7.42.0"

info: ::1 - - [06/Nov/2024:10:00:15 +0000] "GET /api/v1/notes/ HTTP/1.1" 200 1113 "-" "PostmanRuntime/7.42.0"

info: ::1 - - [06/Nov/2024:10:00:55 +0000] "GET /api/v1/notes/672b3e00414d870da08f81f2 HTTP/1.1" 200 331 "-" "PostmanRuntime/7.42.0"

info: ::1 - - [06/Nov/2024:10:01:01 +0000] "GET /api/v1/notes/672b3e00414d870da08f81f2 HTTP/1.1" 200 329 "-" "PostmanRuntime/7.42.0"

info: ::1 - - [06/Nov/2024:10:02:27 +0000] "GET /api/v1/notes/ HTTP/1.1" 200 1113 "-" "PostmanRuntime/7.42.0"

info: ::1 - - [06/Nov/2024:10:02:31 +0000] "GET /api/v1/notes/ HTTP/1.1" 200 1113 "-" "PostmanRuntime/7.42.0"

info: ::1 - - [06/Nov/2024:10:02:35 +0000] "GET /api/v1/notes/ HTTP/1.1" 200 1113 "-" "PostmanRuntime/7.42.0"

info: ::1 - - [06/Nov/2024:10:02:38 +0000] "GET /api/v1/notes/ HTTP/1.1" 200 1113 "-" "PostmanRuntime/7.42.0"

info: ::1 - - [06/Nov/2024:10:02:40 +0000] "GET /api/v1/notes/ HTTP/1.1" 200 1113 "-" "PostmanRuntime/7.42.0"

info: ::1 - - [06/Nov/2024:10:02:41 +0000] "GET /api/v1/notes/ HTTP/1.1" 200 1113 "-" "PostmanRuntime/7.42.0"

info: ::1 - - [06/Nov/2024:10:30:26 +0000] "DELETE /api/v1/notes/delete/672b3e00414d870da08f81f2 HTTP/1.1" 400 85 "-" "PostmanRuntime/7.42.0"

info: ::1 - - [06/Nov/2024:10:33:06 +0000] "PUT /api/v1/notes/trash/672b3e00414d870da08f81f2 HTTP/1.1" 200 57 "-" "PostmanRuntime/7.42.0"

info: ::1 - - [06/Nov/2024:10:33:23 +0000] "DELETE /api/v1/notes/delete/672b3e00414d870da08f81f2 HTTP/1.1" 200 329 "-" "PostmanRuntime/7.42.0"

info: ::1 - - [06/Nov/2024:10:33:39 +0000] "GET /api/v1/notes/ HTTP/1.1" 200 841 "-" "PostmanRuntime/7.42.0"

info: ::ffff:127.0.0.1 - - [06/Nov/2024:10:42:15 +0000] "POST /api/v1/users/register HTTP/1.1" 201 332 "-" "node-superagent/3.8.3"

info: ::ffff:127.0.0.1 - - [06/Nov/2024:10:42:15 +0000] "POST /api/v1/users/login HTTP/1.1" 200 555 "-" "node-superagent/3.8.3"

info: ::ffff:127.0.0.1 - - [06/Nov/2024:10:42:20 +0000] "POST /api/v1/users/forget-password HTTP/1.1" 200 63 "-" "node-superagent/3.8.3"

info: ::ffff:127.0.0.1 - - [06/Nov/2024:10:42:20 +0000] "POST /api/v1/notes/create HTTP/1.1" 201 323 "-" "node-superagent/3.8.3"

info: ::ffff:127.0.0.1 - - [06/Nov/2024:10:42:20 +0000] "GET /api/v1/notes/ HTTP/1.1" 200 326 "-" "node-superagent/3.8.3"

info: ::ffff:127.0.0.1 - - [06/Nov/2024:10:42:20 +0000] "GET /api/v1/notes/672b480c565715465408ae18 HTTP/1.1" 200 323 "-" "node-superagent/3.8.3"

info: ::ffff:127.0.0.1 - - [06/Nov/2024:10:42:20 +0000] "PUT /api/v1/notes/update/672b480c565715465408ae18 HTTP/1.1" 200 50 "-" "node-superagent/3.8.3"

info: ::ffff:127.0.0.1 - - [06/Nov/2024:10:42:20 +0000] "PUT /api/v1/notes/archive/672b480c565715465408ae18 HTTP/1.1" 200 53 "-" "node-superagent/3.8.3"

info: ::ffff:127.0.0.1 - - [06/Nov/2024:10:42:20 +0000] "PUT /api/v1/notes/trash/672b480c565715465408ae18 HTTP/1.1" 200 57 "-" "node-superagent/3.8.3"

info: ::ffff:127.0.0.1 - - [06/Nov/2024:10:42:20 +0000] "DELETE /api/v1/notes/delete/672b480c565715465408ae18 HTTP/1.1" 200 339 "-" "node-superagent/3.8.3"

