info: ::1 - - [22/Oct/2024:05:59:41 +0000] "POST /api/v1/users/login HTTP/1.1" 200 266 "-" "PostmanRuntime/7.42.0"

info: ::1 - - [22/Oct/2024:06:02:27 +0000] "POST /api/v1/notes/ HTTP/1.1" 201 260 "-" "PostmanRuntime/7.42.0"

info: ::1 - - [22/Oct/2024:06:03:20 +0000] "GET /api/notes/671634fa8a0dc4004de74e14 HTTP/1.1" 404 47 "-" "PostmanRuntime/7.42.0"

info: ::1 - - [22/Oct/2024:06:06:51 +0000] "GET /api/v1/notes/67163973db1b5a28a9a70c89 HTTP/1.1" 200 2 "-" "PostmanRuntime/7.42.0"

info: ::1 - - [22/Oct/2024:06:11:06 +0000] "GET /api/v1/notes/67173ff3d287110e678040fc HTTP/1.1" 200 2 "-" "PostmanRuntime/7.42.0"

info: ::1 - - [22/Oct/2024:06:11:32 +0000] "GET /api/v1/notes/67173ff3d287110e678040fc HTTP/1.1" 200 2 "-" "PostmanRuntime/7.42.0"

info: ::1 - - [22/Oct/2024:06:12:43 +0000] "POST /api/v1/notes/671634fa8a0dc4004de74e14 HTTP/1.1" 404 47 "-" "PostmanRuntime/7.42.0"

info: ::1 - - [22/Oct/2024:06:12:49 +0000] "GET /api/v1/notes/671634fa8a0dc4004de74e14 HTTP/1.1" 200 551 "-" "PostmanRuntime/7.42.0"

info: ::1 - - [22/Oct/2024:06:13:19 +0000] "GET /api/v1/notes/671634fa8a0dc4004de74e14 HTTP/1.1" 200 551 "-" "PostmanRuntime/7.42.0"

info: ::1 - - [22/Oct/2024:07:48:28 +0000] "POST /api/v1/users/login HTTP/1.1" 200 266 "-" "PostmanRuntime/7.42.0"

info: ::1 - - [22/Oct/2024:07:51:46 +0000] "PUT /api/notes/trash/67173ff3d287110e678040fc HTTP/1.1" 404 47 "-" "PostmanRuntime/7.42.0"

info: ::1 - - [22/Oct/2024:07:56:06 +0000] "PUT /api/notes/trash/67173ff3d287110e678040fc HTTP/1.1" 404 47 "-" "PostmanRuntime/7.42.0"

info: ::1 - - [22/Oct/2024:08:00:06 +0000] "POST /api/users/login HTTP/1.1" 404 47 "-" "PostmanRuntime/7.42.0"

info: ::1 - - [22/Oct/2024:08:01:18 +0000] "POST /api/v1/users/login HTTP/1.1" 200 266 "-" "PostmanRuntime/7.42.0"

info: ::1 - - [22/Oct/2024:08:02:21 +0000] "PUT /api/v1/notes/67173ff3d287110e678040fc HTTP/1.1" 200 260 "-" "PostmanRuntime/7.42.0"

info: ::1 - - [22/Oct/2024:08:03:29 +0000] "PUT /api/v1/notes/trash/67173ff3d287110e678040fc HTTP/1.1" 500 48 "-" "PostmanRuntime/7.42.0"

info: ::1 - - [22/Oct/2024:08:43:46 +0000] "PUT /api/v1/notes/trash/67173ff3d287110e678040fc HTTP/1.1" 500 48 "-" "PostmanRuntime/7.42.0"

info: ::1 - - [22/Oct/2024:08:44:52 +0000] "PUT /api/v1/notes/trash/67173ff3d287110e678040fc HTTP/1.1" 200 260 "-" "PostmanRuntime/7.42.0"

info: ::1 - - [22/Oct/2024:08:45:26 +0000] "PUT /api/v1/notes/trash/67173ff3d287110e678040fc HTTP/1.1" 200 260 "-" "PostmanRuntime/7.42.0"

info: ::1 - - [22/Oct/2024:08:51:41 +0000] "PUT /api/v1/notes/trash/67173ff3d287110e678040fc HTTP/1.1" 200 259 "-" "PostmanRuntime/7.42.0"

info: ::1 - - [22/Oct/2024:08:52:38 +0000] "PUT /api/v1/notes/trashed HTTP/1.1" 500 108 "-" "PostmanRuntime/7.42.0"

info: ::1 - - [22/Oct/2024:08:53:57 +0000] "GET /api/v1/notes/trashed HTTP/1.1" 500 111 "-" "PostmanRuntime/7.42.0"

info: ::1 - - [22/Oct/2024:08:57:37 +0000] "GET /api/v1/notes/trashed HTTP/1.1" 500 111 "-" "PostmanRuntime/7.42.0"

info: ::1 - - [22/Oct/2024:08:57:49 +0000] "GET /api/v1/notes/trashed HTTP/1.1" 500 111 "-" "PostmanRuntime/7.42.0"

info: ::1 - - [22/Oct/2024:09:06:40 +0000] "GET /api/v1/notes/trashed HTTP/1.1" 500 111 "-" "PostmanRuntime/7.42.0"

info: ::1 - - [22/Oct/2024:09:09:26 +0000] "POST /api/v1/users/login HTTP/1.1" 200 266 "-" "PostmanRuntime/7.42.0"

info: ::1 - - [22/Oct/2024:09:09:59 +0000] "PUT /api/v1/notes/trashed HTTP/1.1" 500 108 "-" "PostmanRuntime/7.42.0"

info: ::1 - - [22/Oct/2024:09:26:11 +0000] "POST /api/v1/users/login HTTP/1.1" 200 266 "-" "PostmanRuntime/7.42.0"

info: ::1 - - [22/Oct/2024:09:27:04 +0000] "GET /api/v1/notes/671634fa8a0dc4004de74e14/trashed HTTP/1.1" 200 2 "-" "PostmanRuntime/7.42.0"

info: ::1 - - [22/Oct/2024:09:27:38 +0000] "GET /api/v1/notes/671634fa8a0dc4004de74e14/trashed HTTP/1.1" 200 2 "-" "PostmanRuntime/7.42.0"

info: ::1 - - [22/Oct/2024:09:27:39 +0000] "GET /api/v1/notes/671634fa8a0dc4004de74e14/trashed HTTP/1.1" 200 2 "-" "PostmanRuntime/7.42.0"

info: ::1 - - [22/Oct/2024:09:56:50 +0000] "GET /api/v1/notes/671634fa8a0dc4004de74e14/trashed HTTP/1.1" 200 261 "-" "PostmanRuntime/7.42.0"

