info: Server started at http://localhost:8000/api/v1/ {"timestamp":"2024-11-08T04:55:47.596Z"}
info: Connected to the database. {"timestamp":"2024-11-08T04:55:47.642Z"}
info: Server started at http://localhost:8000/api/v1/ {"timestamp":"2024-11-08T04:56:30.281Z"}
info: Connected to the database. {"timestamp":"2024-11-08T04:56:30.330Z"}
error: 
    status - 500 
    message - ValidationError: "firstName" is required 
    url - /api/v1/users/register 
    method - POST 
    IP - ::1
   {"timestamp":"2024-11-08T05:01:58.755Z"}
info: Server started at http://localhost:8000/api/v1/ {"timestamp":"2024-11-08T09:22:57.488Z"}
info: Connected to the database. {"timestamp":"2024-11-08T09:22:57.544Z"}
info: Server started at http://localhost:8000/api/v1/ {"timestamp":"2024-11-08T09:30:56.728Z"}
info: Connected to the database. {"timestamp":"2024-11-08T09:30:56.770Z"}
info: Server started at http://localhost:8000/api/v1/ {"timestamp":"2024-11-08T09:45:47.798Z"}
info: Connected to the database. {"timestamp":"2024-11-08T09:45:47.854Z"}
info: Server started at http://localhost:8000/api/v1/ {"timestamp":"2024-11-08T09:47:27.752Z"}
info: Connected to the database. {"timestamp":"2024-11-08T09:47:27.791Z"}
info: Server started at http://localhost:8000/api/v1/ {"timestamp":"2024-11-08T12:08:27.022Z"}
info: Connected to the database. {"timestamp":"2024-11-08T12:08:27.135Z"}
info: Server started at http://localhost:8000/api/v1/ {"timestamp":"2024-11-08T12:08:42.115Z"}
info: Connected to the database. {"timestamp":"2024-11-08T12:08:42.151Z"}
error: 
    status - 500 
    message - ValidationError: "firstName" is required 
    url - /api/v1/users/register 
    method - POST 
    IP - ::1
   {"timestamp":"2024-11-08T12:09:58.650Z"}
error: 
    status - 500 
    message - ValidationError: "lastName" is required 
    url - /api/v1/users/register 
    method - POST 
    IP - ::1
   {"timestamp":"2024-11-08T12:10:16.912Z"}
info: Server started at http://localhost:8000/api/v1/ {"timestamp":"2024-11-08T12:14:38.549Z"}
info: Connected to the database. {"timestamp":"2024-11-08T12:14:38.584Z"}
