info: Server started at http://localhost:3000/api/v1/ {"timestamp":"2024-10-24T18:30:38.570Z"}
info: Connected to the database. {"timestamp":"2024-10-24T18:30:38.617Z"}
info: Server started at http://localhost:3000/api/v1/ {"timestamp":"2024-10-24T18:38:12.744Z"}
info: Connected to the database. {"timestamp":"2024-10-24T18:38:12.781Z"}
info: Server started at http://localhost:3000/api/v1/ {"timestamp":"2024-10-25T04:42:29.569Z"}
info: Connected to the database. {"timestamp":"2024-10-25T04:42:29.592Z"}
info: Server started at http://localhost:3000/api/v1/ {"timestamp":"2024-10-25T04:50:57.525Z"}
info: Connected to the database. {"timestamp":"2024-10-25T04:50:57.569Z"}
info: Server started at http://localhost:3000/api/v1/ {"timestamp":"2024-10-25T04:55:59.790Z"}
info: Connected to the database. {"timestamp":"2024-10-25T04:55:59.828Z"}
info: Server started at http://localhost:3000/api/v1/ {"timestamp":"2024-10-25T05:18:36.135Z"}
info: Connected to the database. {"timestamp":"2024-10-25T05:18:36.160Z"}
info: Server started at http://localhost:3000/api/v1/ {"timestamp":"2024-10-25T05:22:57.920Z"}
info: Connected to the database. {"timestamp":"2024-10-25T05:22:57.953Z"}
info: Server started at http://localhost:3000/api/v1/ {"timestamp":"2024-10-25T05:26:53.063Z"}
info: Connected to the database. {"timestamp":"2024-10-25T05:26:53.099Z"}
info: Server started at http://localhost:3000/api/v1/ {"timestamp":"2024-10-25T05:32:15.578Z"}
info: Connected to the database. {"timestamp":"2024-10-25T05:32:15.610Z"}
info: Server started at http://localhost:3000/api/v1/ {"timestamp":"2024-10-25T05:38:48.155Z"}
info: Connected to the database. {"timestamp":"2024-10-25T05:38:48.191Z"}
info: Server started at http://localhost:3000/api/v1/ {"timestamp":"2024-10-25T05:40:46.809Z"}
info: Connected to the database. {"timestamp":"2024-10-25T05:40:46.843Z"}
info: Server started at http://localhost:3000/api/v1/ {"timestamp":"2024-10-25T05:49:28.788Z"}
info: Connected to the database. {"timestamp":"2024-10-25T05:49:28.816Z"}
info: Server started at http://localhost:8000/api/v1/ {"timestamp":"2024-10-25T07:52:07.317Z"}
info: Connected to the database. {"timestamp":"2024-10-25T07:52:07.342Z"}
info: Server started at http://localhost:8000/api/v1/ {"timestamp":"2024-10-25T08:00:15.017Z"}
info: Connected to the database. {"timestamp":"2024-10-25T08:00:15.045Z"}
info: Server started at http://localhost:8000/api/v1/ {"timestamp":"2024-10-25T10:10:15.589Z"}
info: Connected to the database. {"timestamp":"2024-10-25T10:10:15.609Z"}
error: 
    status - 500 
    message - Error: User not found
    at UserService.<anonymous> (C:\Users\Lenovo\express-project\build\services\user.service.js:65:23)
    at Generator.next (<anonymous>)
    at fulfilled (C:\Users\Lenovo\express-project\build\services\user.service.js:5:58)
    at process.processTicksAndRejections (node:internal/process/task_queues:105:5) 
    url - /api/v1/users/reset-password 
    method - POST 
    IP - ::1
   {"timestamp":"2024-10-25T10:16:20.581Z"}
info: Server started at http://localhost:8000/api/v1/ {"timestamp":"2024-10-25T10:22:21.068Z"}
info: Connected to the database. {"timestamp":"2024-10-25T10:22:21.084Z"}
error: 
    status - 500 
    message - Error: User not found
    at UserService.<anonymous> (C:\Users\Lenovo\express-project\build\services\user.service.js:65:23)
    at Generator.next (<anonymous>)
    at fulfilled (C:\Users\Lenovo\express-project\build\services\user.service.js:5:58)
    at process.processTicksAndRejections (node:internal/process/task_queues:105:5) 
    url - /api/v1/users/reset-password 
    method - POST 
    IP - ::1
   {"timestamp":"2024-10-25T10:24:58.858Z"}
info: Server started at http://localhost:8000/api/v1/ {"timestamp":"2024-10-25T10:47:53.142Z"}
info: Connected to the database. {"timestamp":"2024-10-25T10:47:53.162Z"}
error: 
    status - 500 
    message - Error: User not found
    at UserService.<anonymous> (C:\Users\Lenovo\express-project\build\services\user.service.js:65:23)
    at Generator.next (<anonymous>)
    at fulfilled (C:\Users\Lenovo\express-project\build\services\user.service.js:5:58)
    at process.processTicksAndRejections (node:internal/process/task_queues:105:5) 
    url - /api/v1/users/reset-password 
    method - POST 
    IP - ::1
   {"timestamp":"2024-10-25T10:49:21.314Z"}
info: Server started at http://localhost:8000/api/v1/ {"timestamp":"2024-10-25T10:56:47.143Z"}
info: Connected to the database. {"timestamp":"2024-10-25T10:56:47.161Z"}
error: 
    status - 500 
    message - Error: User not found
    at UserService.<anonymous> (C:\Users\Lenovo\express-project\build\services\user.service.js:65:23)
    at Generator.next (<anonymous>)
    at fulfilled (C:\Users\Lenovo\express-project\build\services\user.service.js:5:58)
    at process.processTicksAndRejections (node:internal/process/task_queues:105:5) 
    url - /api/v1/users/reset-password 
    method - POST 
    IP - ::1
   {"timestamp":"2024-10-25T10:58:01.029Z"}
error: 
    status - 500 
    message - Error: User not found
    at UserService.<anonymous> (C:\Users\Lenovo\express-project\build\services\user.service.js:65:23)
    at Generator.next (<anonymous>)
    at fulfilled (C:\Users\Lenovo\express-project\build\services\user.service.js:5:58)
    at process.processTicksAndRejections (node:internal/process/task_queues:105:5) 
    url - /api/v1/users/reset-password 
    method - POST 
    IP - ::1
   {"timestamp":"2024-10-25T10:58:37.738Z"}
error: 
    status - 500 
    message - Error: User not found
    at UserService.<anonymous> (C:\Users\Lenovo\express-project\build\services\user.service.js:56:23)
    at Generator.next (<anonymous>)
    at fulfilled (C:\Users\Lenovo\express-project\build\services\user.service.js:5:58)
    at process.processTicksAndRejections (node:internal/process/task_queues:105:5) 
    url - /api/v1/users/forget-password 
    method - POST 
    IP - ::1
   {"timestamp":"2024-10-25T10:59:38.450Z"}
info: Server started at http://localhost:8000/api/v1/ {"timestamp":"2024-10-25T11:00:30.863Z"}
info: Connected to the database. {"timestamp":"2024-10-25T11:00:30.881Z"}
error: 
    status - 500 
    message - Error: User not found
    at UserService.<anonymous> (C:\Users\Lenovo\express-project\build\services\user.service.js:56:23)
    at Generator.next (<anonymous>)
    at fulfilled (C:\Users\Lenovo\express-project\build\services\user.service.js:5:58)
    at process.processTicksAndRejections (node:internal/process/task_queues:105:5) 
    url - /api/v1/users/forget-password 
    method - POST 
    IP - ::1
   {"timestamp":"2024-10-25T11:00:36.619Z"}
info: Server started at http://localhost:8000/api/v1/ {"timestamp":"2024-10-25T11:06:25.457Z"}
info: Connected to the database. {"timestamp":"2024-10-25T11:06:25.477Z"}
