info: Server started at http://localhost:8000/api/v1/ {"timestamp":"2024-10-29T19:36:16.208Z"}
info: Connected to the database. {"timestamp":"2024-10-29T19:36:16.251Z"}
info: Server started at http://localhost:8000/api/v1/ {"timestamp":"2024-10-29T19:37:13.010Z"}
info: Connected to the database. {"timestamp":"2024-10-29T19:37:13.074Z"}
error: 
    status - 500 
    message - JsonWebTokenError: jwt malformed
    at module.exports [as verify] (C:\Users\Lenovo\express-project\node_modules\jsonwebtoken\verify.js:63:17)
    at C:\Users\Lenovo\express-project\build\middlewares\auth.middleware.js:37:58
    at Generator.next (<anonymous>)
    at C:\Users\Lenovo\express-project\build\middlewares\auth.middleware.js:8:71
    at new Promise (<anonymous>)
    at __awaiter (C:\Users\Lenovo\express-project\build\middlewares\auth.middleware.js:4:12)
    at C:\Users\Lenovo\express-project\build\middlewares\auth.middleware.js:28:32
    at Layer.handle [as handle_request] (C:\Users\Lenovo\express-project\node_modules\express\lib\router\layer.js:95:5)
    at next (C:\Users\Lenovo\express-project\node_modules\express\lib\router\route.js:149:13)
    at Route.dispatch (C:\Users\Lenovo\express-project\node_modules\express\lib\router\route.js:119:3)
    at Layer.handle [as handle_request] (C:\Users\Lenovo\express-project\node_modules\express\lib\router\layer.js:95:5)
    at C:\Users\Lenovo\express-project\node_modules\express\lib\router\index.js:284:15
    at Function.process_params (C:\Users\Lenovo\express-project\node_modules\express\lib\router\index.js:346:12)
    at next (C:\Users\Lenovo\express-project\node_modules\express\lib\router\index.js:280:10)
    at Function.handle (C:\Users\Lenovo\express-project\node_modules\express\lib\router\index.js:175:3)
    at router (C:\Users\Lenovo\express-project\node_modules\express\lib\router\index.js:47:12) 
    url - /api/v1/users/reset-password 
    method - POST 
    IP - ::1
   {"timestamp":"2024-10-29T19:40:37.578Z"}
info: Server started at http://localhost:8000/api/v1/ {"timestamp":"2024-10-29T19:41:15.215Z"}
info: Connected to the database. {"timestamp":"2024-10-29T19:41:15.239Z"}
info: Server started at http://localhost:8000/api/v1/ {"timestamp":"2024-10-29T19:46:17.441Z"}
info: Connected to the database. {"timestamp":"2024-10-29T19:46:17.471Z"}
info: Server started at http://localhost:8000/api/v1/ {"timestamp":"2024-10-29T19:50:48.659Z"}
info: Connected to the database. {"timestamp":"2024-10-29T19:50:48.731Z"}
