info: Server started at http://localhost:8000/api/v1/ {"timestamp":"2024-10-28T03:32:57.914Z"}
info: Connected to the database. {"timestamp":"2024-10-28T03:32:57.951Z"}
info: Server started at http://localhost:8000/api/v1/ {"timestamp":"2024-10-28T03:39:51.631Z"}
info: Connected to the database. {"timestamp":"2024-10-28T03:39:51.649Z"}
info: Server started at http://localhost:8000/api/v1/ {"timestamp":"2024-10-28T03:45:05.608Z"}
info: Connected to the database. {"timestamp":"2024-10-28T03:45:05.627Z"}
info: Connected to the database. {"timestamp":"2024-10-28T03:56:31.783Z"}
error: 
    status - 500 
    message - Error: User already exists
    at UserService.<anonymous> (C:\Users\Lenovo\express-project\src\services\user.service.ts:12:13)
    at Generator.next (<anonymous>)
    at fulfilled (C:\Users\Lenovo\express-project\src\services\user.service.ts:5:58)
    at processTicksAndRejections (node:internal/process/task_queues:105:5) 
    url - /api/v1/users/register 
    method - POST 
    IP - ::ffff:127.0.0.1
   {"timestamp":"2024-10-28T03:56:32.054Z"}
error: 
      status - 401
      message - Authorization token is required 
      url - /api/v1/users/reset-password 
      method - POST 
      IP - ::ffff:127.0.0.1
     {"timestamp":"2024-10-28T03:56:35.422Z"}
info: Server started at http://localhost:8000/api/v1/ {"timestamp":"2024-10-28T03:57:24.979Z"}
info: Connected to the database. {"timestamp":"2024-10-28T03:57:24.996Z"}
error: 
    status - 500 
    message - Error: User not found
    at UserService.<anonymous> (C:\Users\Lenovo\express-project\build\services\user.service.js:56:23)
    at Generator.next (<anonymous>)
    at fulfilled (C:\Users\Lenovo\express-project\build\services\user.service.js:5:58)
    at process.processTicksAndRejections (node:internal/process/task_queues:105:5) 
    url - /api/v1/users/forget-password 
    method - POST 
    IP - ::1
   {"timestamp":"2024-10-28T03:58:20.514Z"}
error: 
    status - 500 
    message - JsonWebTokenError: jwt malformed
    at module.exports [as verify] (C:\Users\Lenovo\express-project\node_modules\jsonwebtoken\verify.js:63:17)
    at C:\Users\Lenovo\express-project\build\middlewares\auth.middleware.js:37:58
    at Generator.next (<anonymous>)
    at C:\Users\Lenovo\express-project\build\middlewares\auth.middleware.js:8:71
    at new Promise (<anonymous>)
    at __awaiter (C:\Users\Lenovo\express-project\build\middlewares\auth.middleware.js:4:12)
    at C:\Users\Lenovo\express-project\build\middlewares\auth.middleware.js:28:32
    at Layer.handle [as handle_request] (C:\Users\Lenovo\express-project\node_modules\express\lib\router\layer.js:95:5)
    at next (C:\Users\Lenovo\express-project\node_modules\express\lib\router\route.js:149:13)
    at Route.dispatch (C:\Users\Lenovo\express-project\node_modules\express\lib\router\route.js:119:3)
    at Layer.handle [as handle_request] (C:\Users\Lenovo\express-project\node_modules\express\lib\router\layer.js:95:5)
    at C:\Users\Lenovo\express-project\node_modules\express\lib\router\index.js:284:15
    at Function.process_params (C:\Users\Lenovo\express-project\node_modules\express\lib\router\index.js:346:12)
    at next (C:\Users\Lenovo\express-project\node_modules\express\lib\router\index.js:280:10)
    at Function.handle (C:\Users\Lenovo\express-project\node_modules\express\lib\router\index.js:175:3)
    at router (C:\Users\Lenovo\express-project\node_modules\express\lib\router\index.js:47:12) 
    url - /api/v1/users/reset-password 
    method - POST 
    IP - ::1
   {"timestamp":"2024-10-28T04:00:07.763Z"}
info: Server started at http://localhost:8000/api/v1/ {"timestamp":"2024-10-28T04:05:58.608Z"}
info: Connected to the database. {"timestamp":"2024-10-28T04:05:58.626Z"}
error: 
    status - 500 
    message - Error: User not found
    at UserService.<anonymous> (C:\Users\Lenovo\express-project\build\services\user.service.js:56:23)
    at Generator.next (<anonymous>)
    at fulfilled (C:\Users\Lenovo\express-project\build\services\user.service.js:5:58)
    at process.processTicksAndRejections (node:internal/process/task_queues:105:5) 
    url - /api/v1/users/forget-password 
    method - POST 
    IP - ::1
   {"timestamp":"2024-10-28T04:06:24.770Z"}
info: Server started at http://localhost:8000/api/v1/ {"timestamp":"2024-10-28T04:15:41.074Z"}
info: Connected to the database. {"timestamp":"2024-10-28T04:15:41.106Z"}
error: 
    status - 500 
    message - JsonWebTokenError: jwt malformed
    at module.exports [as verify] (C:\Users\Lenovo\express-project\node_modules\jsonwebtoken\verify.js:63:17)
    at C:\Users\Lenovo\express-project\build\middlewares\auth.middleware.js:37:58
    at Generator.next (<anonymous>)
    at C:\Users\Lenovo\express-project\build\middlewares\auth.middleware.js:8:71
    at new Promise (<anonymous>)
    at __awaiter (C:\Users\Lenovo\express-project\build\middlewares\auth.middleware.js:4:12)
    at C:\Users\Lenovo\express-project\build\middlewares\auth.middleware.js:28:32
    at Layer.handle [as handle_request] (C:\Users\Lenovo\express-project\node_modules\express\lib\router\layer.js:95:5)
    at next (C:\Users\Lenovo\express-project\node_modules\express\lib\router\route.js:149:13)
    at Route.dispatch (C:\Users\Lenovo\express-project\node_modules\express\lib\router\route.js:119:3)
    at Layer.handle [as handle_request] (C:\Users\Lenovo\express-project\node_modules\express\lib\router\layer.js:95:5)
    at C:\Users\Lenovo\express-project\node_modules\express\lib\router\index.js:284:15
    at Function.process_params (C:\Users\Lenovo\express-project\node_modules\express\lib\router\index.js:346:12)
    at next (C:\Users\Lenovo\express-project\node_modules\express\lib\router\index.js:280:10)
    at Function.handle (C:\Users\Lenovo\express-project\node_modules\express\lib\router\index.js:175:3)
    at router (C:\Users\Lenovo\express-project\node_modules\express\lib\router\index.js:47:12) 
    url - /api/v1/users/reset-password 
    method - POST 
    IP - ::1
   {"timestamp":"2024-10-28T04:18:07.310Z"}
error: 
    status - 500 
    message - JsonWebTokenError: jwt malformed
    at module.exports [as verify] (C:\Users\Lenovo\express-project\node_modules\jsonwebtoken\verify.js:63:17)
    at C:\Users\Lenovo\express-project\build\middlewares\auth.middleware.js:37:58
    at Generator.next (<anonymous>)
    at C:\Users\Lenovo\express-project\build\middlewares\auth.middleware.js:8:71
    at new Promise (<anonymous>)
    at __awaiter (C:\Users\Lenovo\express-project\build\middlewares\auth.middleware.js:4:12)
    at C:\Users\Lenovo\express-project\build\middlewares\auth.middleware.js:28:32
    at Layer.handle [as handle_request] (C:\Users\Lenovo\express-project\node_modules\express\lib\router\layer.js:95:5)
    at next (C:\Users\Lenovo\express-project\node_modules\express\lib\router\route.js:149:13)
    at Route.dispatch (C:\Users\Lenovo\express-project\node_modules\express\lib\router\route.js:119:3)
    at Layer.handle [as handle_request] (C:\Users\Lenovo\express-project\node_modules\express\lib\router\layer.js:95:5)
    at C:\Users\Lenovo\express-project\node_modules\express\lib\router\index.js:284:15
    at Function.process_params (C:\Users\Lenovo\express-project\node_modules\express\lib\router\index.js:346:12)
    at next (C:\Users\Lenovo\express-project\node_modules\express\lib\router\index.js:280:10)
    at Function.handle (C:\Users\Lenovo\express-project\node_modules\express\lib\router\index.js:175:3)
    at router (C:\Users\Lenovo\express-project\node_modules\express\lib\router\index.js:47:12) 
    url - /api/v1/users/reset-password 
    method - POST 
    IP - ::1
   {"timestamp":"2024-10-28T04:18:43.348Z"}
info: Connected to the database. {"timestamp":"2024-10-28T04:20:32.129Z"}
error: 
    status - 500 
    message - Error: User already exists
    at UserService.<anonymous> (C:\Users\Lenovo\express-project\src\services\user.service.ts:12:13)
    at Generator.next (<anonymous>)
    at fulfilled (C:\Users\Lenovo\express-project\src\services\user.service.ts:5:58)
    at processTicksAndRejections (node:internal/process/task_queues:105:5) 
    url - /api/v1/users/register 
    method - POST 
    IP - ::ffff:127.0.0.1
   {"timestamp":"2024-10-28T04:20:32.330Z"}
error: 
    status - 500 
    message - Error: User already exists
    at UserService.<anonymous> (C:\Users\Lenovo\express-project\src\services\user.service.ts:12:13)
    at Generator.next (<anonymous>)
    at fulfilled (C:\Users\Lenovo\express-project\src\services\user.service.ts:5:58)
    at processTicksAndRejections (node:internal/process/task_queues:105:5) 
    url - /api/v1/users/register 
    method - POST 
    IP - ::ffff:127.0.0.1
   {"timestamp":"2024-10-28T04:20:32.353Z"}
error: 
      status - 401
      message - Authorization token is required 
      url - /api/v1/users/reset-password 
      method - POST 
      IP - ::ffff:127.0.0.1
     {"timestamp":"2024-10-28T04:20:37.432Z"}
info: Connected to the database. {"timestamp":"2024-10-28T04:22:06.628Z"}
error: 
    status - 500 
    message - Error: User already exists
    at UserService.<anonymous> (C:\Users\Lenovo\express-project\src\services\user.service.ts:12:13)
    at Generator.next (<anonymous>)
    at fulfilled (C:\Users\Lenovo\express-project\src\services\user.service.ts:5:58)
    at processTicksAndRejections (node:internal/process/task_queues:105:5) 
    url - /api/v1/users/register 
    method - POST 
    IP - ::ffff:127.0.0.1
   {"timestamp":"2024-10-28T04:22:06.705Z"}
error: 
    status - 500 
    message - Error: User already exists
    at UserService.<anonymous> (C:\Users\Lenovo\express-project\src\services\user.service.ts:12:13)
    at Generator.next (<anonymous>)
    at fulfilled (C:\Users\Lenovo\express-project\src\services\user.service.ts:5:58)
    at processTicksAndRejections (node:internal/process/task_queues:105:5) 
    url - /api/v1/users/register 
    method - POST 
    IP - ::ffff:127.0.0.1
   {"timestamp":"2024-10-28T04:22:06.734Z"}
error: 
      status - 401
      message - Authorization token is required 
      url - /api/v1/users/reset-password 
      method - POST 
      IP - ::ffff:127.0.0.1
     {"timestamp":"2024-10-28T04:22:10.603Z"}
info: Connected to the database. {"timestamp":"2024-10-28T06:15:28.557Z"}
error: 
    status - 500 
    message - Error: User already exists
    at UserService.<anonymous> (C:\Users\Lenovo\express-project\src\services\user.service.ts:12:13)
    at Generator.next (<anonymous>)
    at fulfilled (C:\Users\Lenovo\express-project\src\services\user.service.ts:5:58)
    at processTicksAndRejections (node:internal/process/task_queues:105:5) 
    url - /api/v1/users/register 
    method - POST 
    IP - ::ffff:127.0.0.1
   {"timestamp":"2024-10-28T06:15:28.653Z"}
error: 
    status - 500 
    message - Error: User already exists
    at UserService.<anonymous> (C:\Users\Lenovo\express-project\src\services\user.service.ts:12:13)
    at Generator.next (<anonymous>)
    at fulfilled (C:\Users\Lenovo\express-project\src\services\user.service.ts:5:58)
    at processTicksAndRejections (node:internal/process/task_queues:105:5) 
    url - /api/v1/users/register 
    method - POST 
    IP - ::ffff:127.0.0.1
   {"timestamp":"2024-10-28T06:15:28.693Z"}
error: 
      status - 401
      message - Authorization token is required 
      url - /api/v1/users/reset-password 
      method - POST 
      IP - ::ffff:127.0.0.1
     {"timestamp":"2024-10-28T06:15:32.627Z"}
info: Connected to the database. {"timestamp":"2024-10-28T06:23:02.351Z"}
error: 
    status - 500 
    message - Error: User not found
    at UserService.<anonymous> (C:\Users\Lenovo\express-project\src\services\user.service.ts:51:13)
    at Generator.next (<anonymous>)
    at fulfilled (C:\Users\Lenovo\express-project\src\services\user.service.ts:5:58)
    at processTicksAndRejections (node:internal/process/task_queues:105:5) 
    url - /api/v1/users/forget-password 
    method - POST 
    IP - ::ffff:127.0.0.1
   {"timestamp":"2024-10-28T06:23:02.923Z"}
error: 
      status - 401
      message - Authorization token is required 
      url - /api/v1/users/reset-password 
      method - POST 
      IP - ::ffff:127.0.0.1
     {"timestamp":"2024-10-28T06:23:02.937Z"}
info: Server started at http://localhost:8000/api/v1/ {"timestamp":"2024-10-28T06:24:08.712Z"}
info: Connected to the database. {"timestamp":"2024-10-28T06:24:08.795Z"}
error: 
    status - 500 
    message - JsonWebTokenError: jwt malformed
    at module.exports [as verify] (C:\Users\Lenovo\express-project\node_modules\jsonwebtoken\verify.js:63:17)
    at C:\Users\Lenovo\express-project\build\middlewares\auth.middleware.js:37:58
    at Generator.next (<anonymous>)
    at C:\Users\Lenovo\express-project\build\middlewares\auth.middleware.js:8:71
    at new Promise (<anonymous>)
    at __awaiter (C:\Users\Lenovo\express-project\build\middlewares\auth.middleware.js:4:12)
    at C:\Users\Lenovo\express-project\build\middlewares\auth.middleware.js:28:32
    at Layer.handle [as handle_request] (C:\Users\Lenovo\express-project\node_modules\express\lib\router\layer.js:95:5)
    at next (C:\Users\Lenovo\express-project\node_modules\express\lib\router\route.js:149:13)
    at Route.dispatch (C:\Users\Lenovo\express-project\node_modules\express\lib\router\route.js:119:3)
    at Layer.handle [as handle_request] (C:\Users\Lenovo\express-project\node_modules\express\lib\router\layer.js:95:5)
    at C:\Users\Lenovo\express-project\node_modules\express\lib\router\index.js:284:15
    at Function.process_params (C:\Users\Lenovo\express-project\node_modules\express\lib\router\index.js:346:12)
    at next (C:\Users\Lenovo\express-project\node_modules\express\lib\router\index.js:280:10)
    at Function.handle (C:\Users\Lenovo\express-project\node_modules\express\lib\router\index.js:175:3)
    at router (C:\Users\Lenovo\express-project\node_modules\express\lib\router\index.js:47:12) 
    url - /api/v1/notes 
    method - GET 
    IP - ::1
   {"timestamp":"2024-10-28T06:27:01.493Z"}
info: Connected to the database. {"timestamp":"2024-10-28T06:35:06.267Z"}
error: 
    status - 500 
    message - Error: User not found
    at UserService.<anonymous> (C:\Users\Lenovo\express-project\src\services\user.service.ts:51:13)
    at Generator.next (<anonymous>)
    at fulfilled (C:\Users\Lenovo\express-project\src\services\user.service.ts:5:58)
    at processTicksAndRejections (node:internal/process/task_queues:105:5) 
    url - /api/v1/users/forget-password 
    method - POST 
    IP - ::ffff:127.0.0.1
   {"timestamp":"2024-10-28T06:35:06.577Z"}
error: 
      status - 401
      message - Authorization token is required 
      url - /api/v1/users/reset-password 
      method - POST 
      IP - ::ffff:127.0.0.1
     {"timestamp":"2024-10-28T06:35:06.596Z"}
info: Server started at http://localhost:8000/api/v1/ {"timestamp":"2024-10-28T06:41:11.124Z"}
info: Connected to the database. {"timestamp":"2024-10-28T06:41:11.143Z"}
error: 
    status - 500 
    message - JsonWebTokenError: jwt malformed
    at module.exports [as verify] (C:\Users\Lenovo\express-project\node_modules\jsonwebtoken\verify.js:63:17)
    at C:\Users\Lenovo\express-project\build\middlewares\auth.middleware.js:37:58
    at Generator.next (<anonymous>)
    at C:\Users\Lenovo\express-project\build\middlewares\auth.middleware.js:8:71
    at new Promise (<anonymous>)
    at __awaiter (C:\Users\Lenovo\express-project\build\middlewares\auth.middleware.js:4:12)
    at C:\Users\Lenovo\express-project\build\middlewares\auth.middleware.js:28:32
    at Layer.handle [as handle_request] (C:\Users\Lenovo\express-project\node_modules\express\lib\router\layer.js:95:5)
    at next (C:\Users\Lenovo\express-project\node_modules\express\lib\router\route.js:149:13)
    at Route.dispatch (C:\Users\Lenovo\express-project\node_modules\express\lib\router\route.js:119:3)
    at Layer.handle [as handle_request] (C:\Users\Lenovo\express-project\node_modules\express\lib\router\layer.js:95:5)
    at C:\Users\Lenovo\express-project\node_modules\express\lib\router\index.js:284:15
    at Function.process_params (C:\Users\Lenovo\express-project\node_modules\express\lib\router\index.js:346:12)
    at next (C:\Users\Lenovo\express-project\node_modules\express\lib\router\index.js:280:10)
    at Function.handle (C:\Users\Lenovo\express-project\node_modules\express\lib\router\index.js:175:3)
    at router (C:\Users\Lenovo\express-project\node_modules\express\lib\router\index.js:47:12) 
    url - /api/v1/notes 
    method - GET 
    IP - ::1
   {"timestamp":"2024-10-28T06:43:49.073Z"}
info: Server started at http://localhost:8000/api/v1/ {"timestamp":"2024-10-28T16:03:23.289Z"}
info: Connected to the database. {"timestamp":"2024-10-28T16:03:23.344Z"}
error: 
    status - 500 
    message - JsonWebTokenError: invalid token
    at module.exports [as verify] (C:\Users\Lenovo\express-project\node_modules\jsonwebtoken\verify.js:75:17)
    at C:\Users\Lenovo\express-project\build\middlewares\auth.middleware.js:37:58
    at Generator.next (<anonymous>)
    at C:\Users\Lenovo\express-project\build\middlewares\auth.middleware.js:8:71
    at new Promise (<anonymous>)
    at __awaiter (C:\Users\Lenovo\express-project\build\middlewares\auth.middleware.js:4:12)
    at C:\Users\Lenovo\express-project\build\middlewares\auth.middleware.js:28:32
    at Layer.handle [as handle_request] (C:\Users\Lenovo\express-project\node_modules\express\lib\router\layer.js:95:5)
    at next (C:\Users\Lenovo\express-project\node_modules\express\lib\router\route.js:149:13)
    at Route.dispatch (C:\Users\Lenovo\express-project\node_modules\express\lib\router\route.js:119:3)
    at Layer.handle [as handle_request] (C:\Users\Lenovo\express-project\node_modules\express\lib\router\layer.js:95:5)
    at C:\Users\Lenovo\express-project\node_modules\express\lib\router\index.js:284:15
    at Function.process_params (C:\Users\Lenovo\express-project\node_modules\express\lib\router\index.js:346:12)
    at next (C:\Users\Lenovo\express-project\node_modules\express\lib\router\index.js:280:10)
    at Function.handle (C:\Users\Lenovo\express-project\node_modules\express\lib\router\index.js:175:3)
    at router (C:\Users\Lenovo\express-project\node_modules\express\lib\router\index.js:47:12) 
    url - /api/v1/notes/ 
    method - GET 
    IP - ::1
   {"timestamp":"2024-10-28T16:09:17.565Z"}
error: 
    status - 500 
    message - Error [ERR_HTTP_HEADERS_SENT]: Cannot set headers after they are sent to the client
    at ServerResponse.setHeader (node:_http_outgoing:699:11)
    at ServerResponse.header (C:\Users\Lenovo\express-project\node_modules\express\lib\response.js:794:10)
    at ServerResponse.send (C:\Users\Lenovo\express-project\node_modules\express\lib\response.js:174:12)
    at ServerResponse.json (C:\Users\Lenovo\express-project\node_modules\express\lib\response.js:278:15)
    at NoteController.<anonymous> (C:\Users\Lenovo\express-project\build\controllers\note.controller.js:48:60)
    at Generator.next (<anonymous>)
    at fulfilled (C:\Users\Lenovo\express-project\build\controllers\note.controller.js:5:58)
    at process.processTicksAndRejections (node:internal/process/task_queues:105:5) 
    url - /api/v1/notes/ 
    method - GET 
    IP - ::1
   {"timestamp":"2024-10-28T16:09:29.269Z"}
error: 
    status - 500 
    message - SyntaxError: Expected double-quoted property name in JSON at position 55 (line 5 column 1)
    at JSON.parse (<anonymous>)
    at parse (C:\Users\Lenovo\express-project\node_modules\body-parser\lib\types\json.js:92:19)
    at C:\Users\Lenovo\express-project\node_modules\body-parser\lib\read.js:128:18
    at AsyncResource.runInAsyncScope (node:async_hooks:211:14)
    at invokeCallback (C:\Users\Lenovo\express-project\node_modules\raw-body\index.js:238:16)
    at done (C:\Users\Lenovo\express-project\node_modules\raw-body\index.js:227:7)
    at IncomingMessage.onEnd (C:\Users\Lenovo\express-project\node_modules\raw-body\index.js:287:7)
    at IncomingMessage.emit (node:events:520:28)
    at endReadableNT (node:internal/streams/readable:1696:12)
    at process.processTicksAndRejections (node:internal/process/task_queues:90:21) 
    url - /api/v1/users/forget-password 
    method - PUT 
    IP - ::1
   {"timestamp":"2024-10-28T16:10:29.681Z"}
error: 
    status - 500 
    message - Error: Illegal arguments: undefined, number
    at _async (C:\Users\Lenovo\node_modules\bcryptjs\dist\bcrypt.js:214:46)
    at C:\Users\Lenovo\node_modules\bcryptjs\dist\bcrypt.js:223:17
    at new Promise (<anonymous>)
    at bcrypt.hash (C:\Users\Lenovo\node_modules\bcryptjs\dist\bcrypt.js:222:20)
    at UserService.<anonymous> (C:\Users\Lenovo\express-project\build\services\user.service.js:67:61)
    at Generator.next (<anonymous>)
    at fulfilled (C:\Users\Lenovo\express-project\build\services\user.service.js:5:58)
    at process.processTicksAndRejections (node:internal/process/task_queues:105:5) 
    url - /api/v1/users/reset-password 
    method - POST 
    IP - ::1
   {"timestamp":"2024-10-28T16:12:33.810Z"}
error: 
    status - 500 
    message - Error: Illegal arguments: undefined, number
    at _async (C:\Users\Lenovo\node_modules\bcryptjs\dist\bcrypt.js:214:46)
    at C:\Users\Lenovo\node_modules\bcryptjs\dist\bcrypt.js:223:17
    at new Promise (<anonymous>)
    at bcrypt.hash (C:\Users\Lenovo\node_modules\bcryptjs\dist\bcrypt.js:222:20)
    at UserService.<anonymous> (C:\Users\Lenovo\express-project\build\services\user.service.js:67:61)
    at Generator.next (<anonymous>)
    at fulfilled (C:\Users\Lenovo\express-project\build\services\user.service.js:5:58)
    at process.processTicksAndRejections (node:internal/process/task_queues:105:5) 
    url - /api/v1/users/reset-password 
    method - POST 
    IP - ::1
   {"timestamp":"2024-10-28T16:12:54.775Z"}
error: 
    status - 500 
    message - Error: Illegal arguments: undefined, number
    at _async (C:\Users\Lenovo\node_modules\bcryptjs\dist\bcrypt.js:214:46)
    at C:\Users\Lenovo\node_modules\bcryptjs\dist\bcrypt.js:223:17
    at new Promise (<anonymous>)
    at bcrypt.hash (C:\Users\Lenovo\node_modules\bcryptjs\dist\bcrypt.js:222:20)
    at UserService.<anonymous> (C:\Users\Lenovo\express-project\build\services\user.service.js:67:61)
    at Generator.next (<anonymous>)
    at fulfilled (C:\Users\Lenovo\express-project\build\services\user.service.js:5:58)
    at process.processTicksAndRejections (node:internal/process/task_queues:105:5) 
    url - /api/v1/users/reset-password 
    method - POST 
    IP - ::1
   {"timestamp":"2024-10-28T16:13:57.408Z"}
info: Server started at http://localhost:8000/api/v1/ {"timestamp":"2024-10-28T16:17:11.114Z"}
info: Connected to the database. {"timestamp":"2024-10-28T16:17:11.155Z"}
info: Server started at http://localhost:8000/api/v1/ {"timestamp":"2024-10-28T16:20:59.825Z"}
info: Connected to the database. {"timestamp":"2024-10-28T16:20:59.857Z"}
info: Server started at http://localhost:8000/api/v1/ {"timestamp":"2024-10-28T16:24:03.160Z"}
info: Connected to the database. {"timestamp":"2024-10-28T16:24:03.237Z"}
error: 
    status - 500 
    message - ValidationError: "email" must be a valid email 
    url - /api/v1/users/login 
    method - POST 
    IP - ::1
   {"timestamp":"2024-10-28T16:24:46.164Z"}
error: 
    status - 500 
    message - JsonWebTokenError: jwt malformed
    at module.exports [as verify] (C:\Users\Lenovo\express-project\node_modules\jsonwebtoken\verify.js:63:17)
    at C:\Users\Lenovo\express-project\build\middlewares\auth.middleware.js:37:58
    at Generator.next (<anonymous>)
    at C:\Users\Lenovo\express-project\build\middlewares\auth.middleware.js:8:71
    at new Promise (<anonymous>)
    at __awaiter (C:\Users\Lenovo\express-project\build\middlewares\auth.middleware.js:4:12)
    at C:\Users\Lenovo\express-project\build\middlewares\auth.middleware.js:28:32
    at Layer.handle [as handle_request] (C:\Users\Lenovo\express-project\node_modules\express\lib\router\layer.js:95:5)
    at next (C:\Users\Lenovo\express-project\node_modules\express\lib\router\route.js:149:13)
    at Route.dispatch (C:\Users\Lenovo\express-project\node_modules\express\lib\router\route.js:119:3)
    at Layer.handle [as handle_request] (C:\Users\Lenovo\express-project\node_modules\express\lib\router\layer.js:95:5)
    at C:\Users\Lenovo\express-project\node_modules\express\lib\router\index.js:284:15
    at Function.process_params (C:\Users\Lenovo\express-project\node_modules\express\lib\router\index.js:346:12)
    at next (C:\Users\Lenovo\express-project\node_modules\express\lib\router\index.js:280:10)
    at Function.handle (C:\Users\Lenovo\express-project\node_modules\express\lib\router\index.js:175:3)
    at router (C:\Users\Lenovo\express-project\node_modules\express\lib\router\index.js:47:12) 
    url - /api/v1/notes 
    method - GET 
    IP - ::1
   {"timestamp":"2024-10-28T16:25:47.172Z"}
