info: Server started at http://localhost:3000/api/v1/ {"timestamp":"2024-10-23T05:06:31.185Z"}
info: Connected to the database. {"timestamp":"2024-10-23T05:06:31.239Z"}
info: Server started at http://localhost:3000/api/v1/ {"timestamp":"2024-10-23T05:38:50.391Z"}
info: Connected to the database. {"timestamp":"2024-10-23T05:38:50.419Z"}
info: Server started at http://localhost:3000/api/v1/ {"timestamp":"2024-10-23T09:08:55.654Z"}
info: Connected to the database. {"timestamp":"2024-10-23T09:08:55.695Z"}
info: Server started at http://localhost:3000/api/v1/ {"timestamp":"2024-10-23T09:22:48.150Z"}
info: Connected to the database. {"timestamp":"2024-10-23T09:22:48.183Z"}
info: Server started at http://localhost:3000/api/v1/ {"timestamp":"2024-10-23T09:34:20.422Z"}
info: Connected to the database. {"timestamp":"2024-10-23T09:34:20.439Z"}
error: 
    status - 500 
    message - SyntaxError: Expected ',' or '}' after property value in JSON at position 42 (line 3 column 3)
    at JSON.parse (<anonymous>)
    at parse (C:\Users\Lenovo\express-project\node_modules\body-parser\lib\types\json.js:92:19)
    at C:\Users\Lenovo\express-project\node_modules\body-parser\lib\read.js:128:18
    at AsyncResource.runInAsyncScope (node:async_hooks:211:14)
    at invokeCallback (C:\Users\Lenovo\express-project\node_modules\raw-body\index.js:238:16)
    at done (C:\Users\Lenovo\express-project\node_modules\raw-body\index.js:227:7)
    at IncomingMessage.onEnd (C:\Users\Lenovo\express-project\node_modules\raw-body\index.js:287:7)
    at IncomingMessage.emit (node:events:520:28)
    at endReadableNT (node:internal/streams/readable:1696:12)
    at process.processTicksAndRejections (node:internal/process/task_queues:90:21) 
    url - /api/v1/notes 
    method - POST 
    IP - ::1
   {"timestamp":"2024-10-23T09:40:59.182Z"}
info: Server started at http://localhost:3000/api/v1/ {"timestamp":"2024-10-23T09:54:47.460Z"}
info: Connected to the database. {"timestamp":"2024-10-23T09:54:47.476Z"}
info: Server started at http://localhost:3000/api/v1/ {"timestamp":"2024-10-23T10:40:17.096Z"}
info: Connected to the database. {"timestamp":"2024-10-23T10:40:17.114Z"}
info: Server started at http://localhost:3000/api/v1/ {"timestamp":"2024-10-23T10:46:55.729Z"}
info: Connected to the database. {"timestamp":"2024-10-23T10:46:55.746Z"}
info: Server started at http://localhost:3000/api/v1/ {"timestamp":"2024-10-23T10:55:52.328Z"}
info: Connected to the database. {"timestamp":"2024-10-23T10:55:52.380Z"}
info: Server started at http://localhost:3000/api/v1/ {"timestamp":"2024-10-23T11:32:37.737Z"}
info: Connected to the database. {"timestamp":"2024-10-23T11:32:37.760Z"}
info: Server started at http://localhost:3000/api/v1/ {"timestamp":"2024-10-23T11:36:05.132Z"}
info: Connected to the database. {"timestamp":"2024-10-23T11:36:05.152Z"}
error: 
    status - 500 
    message - SyntaxError: Expected ',' or '}' after property value in JSON at position 42 (line 3 column 3)
    at JSON.parse (<anonymous>)
    at parse (C:\Users\Lenovo\express-project\node_modules\body-parser\lib\types\json.js:92:19)
    at C:\Users\Lenovo\express-project\node_modules\body-parser\lib\read.js:128:18
    at AsyncResource.runInAsyncScope (node:async_hooks:211:14)
    at invokeCallback (C:\Users\Lenovo\express-project\node_modules\raw-body\index.js:238:16)
    at done (C:\Users\Lenovo\express-project\node_modules\raw-body\index.js:227:7)
    at IncomingMessage.onEnd (C:\Users\Lenovo\express-project\node_modules\raw-body\index.js:287:7)
    at IncomingMessage.emit (node:events:520:28)
    at endReadableNT (node:internal/streams/readable:1696:12)
    at process.processTicksAndRejections (node:internal/process/task_queues:90:21) 
    url - /api/v1/notes 
    method - POST 
    IP - ::1
   {"timestamp":"2024-10-23T11:37:54.203Z"}
info: Server started at http://localhost:3000/api/v1/ {"timestamp":"2024-10-23T11:40:47.362Z"}
info: Connected to the database. {"timestamp":"2024-10-23T11:40:47.378Z"}
info: Server started at http://localhost:3000/api/v1/ {"timestamp":"2024-10-23T11:43:58.901Z"}
info: Connected to the database. {"timestamp":"2024-10-23T11:43:58.918Z"}
